level: 1
     intensity:
          theta =  0.00E+00, I_p =  5.855617E-02, I_m =  0.000000E+00
          theta =  3.00E+01, I_p =  6.219015E-02, I_m =  0.000000E+00
          theta =  6.00E+01, I_p =  8.077622E-02, I_m =  0.000000E+00
     derivative: 1
          theta =  0.00E+00, K_p = -3.337571E-04, K_m =  0.000000E+00
          theta =  3.00E+01, K_p =  3.843156E-03, K_m =  0.000000E+00
          theta =  6.00E+01, K_p =  1.021465E-02, K_m =  0.000000E+00
     derivative: 2
          theta =  0.00E+00, K_p =  1.483234E-01, K_m =  0.000000E+00
          theta =  3.00E+01, K_p =  1.700654E-01, K_m =  0.000000E+00
          theta =  6.00E+01, K_p =  2.336810E-01, K_m =  0.000000E+00
     derivative: 3
          theta =  0.00E+00, K_p =  1.372766E-01, K_m =  0.000000E+00
          theta =  3.00E+01, K_p =  1.286252E-01, K_m =  0.000000E+00
          theta =  6.00E+01, K_p =  9.545425E-02, K_m =  0.000000E+00
level: 2
     intensity:
          theta =  0.00E+00, I_p =  3.613497E-02, I_m =  1.230234E-01
          theta =  3.00E+01, I_p =  3.613497E-02, I_m =  1.748578E-01
          theta =  6.00E+01, I_p =  3.613497E-02, I_m =  1.517424E-01
     derivative: 1
          theta =  0.00E+00, K_p = -1.176685E-02, K_m =  3.615954E-02
          theta =  3.00E+01, K_p = -1.176685E-02, K_m =  3.080158E-02
          theta =  6.00E+01, K_p = -1.176685E-02, K_m =  2.877743E-03
     derivative: 2
          theta =  0.00E+00, K_p =  5.205042E-02, K_m =  2.346563E-01
          theta =  3.00E+01, K_p =  5.205042E-02, K_m =  3.200130E-01
          theta =  6.00E+01, K_p =  5.205042E-02, K_m =  3.449557E-01
     derivative: 3
          theta =  0.00E+00, K_p =  1.904024E-01, K_m =  2.849211E-02
          theta =  3.00E+01, K_p =  1.904024E-01, K_m =  3.405060E-02
          theta =  6.00E+01, K_p =  1.904024E-01, K_m =  5.793318E-02
