level: 0
     intensity:
          theta =  0.00E+00, I_p =  3.734576E-02, I_m =  0.000000E+00
          theta =  3.00E+01, I_p =  4.254379E-02, I_m =  0.000000E+00
          theta =  6.00E+01, I_p =  6.643861E-02, I_m =  0.000000E+00
     derivative: 0
          theta =  0.00E+00, K_p =  1.255013E-02, K_m =  0.000000E+00
          theta =  3.00E+01, K_p =  1.660727E-02, K_m =  0.000000E+00
          theta =  6.00E+01, K_p =  2.142801E-02, K_m =  0.000000E+00
     derivative: 1
          theta =  0.00E+00, K_p =  9.435775E-02, K_m =  0.000000E+00
          theta =  3.00E+01, K_p =  1.168595E-01, K_m =  0.000000E+00
          theta =  6.00E+01, K_p =  1.845375E-01, K_m =  0.000000E+00
     derivative: 2
          theta =  0.00E+00, K_p =  9.799342E-03, K_m =  0.000000E+00
          theta =  3.00E+01, K_p =  9.641096E-03, K_m =  0.000000E+00
          theta =  6.00E+01, K_p =  7.647149E-03, K_m =  0.000000E+00
level: 1
     intensity:
          theta =  0.00E+00, I_p =  6.340191E-03, I_m =  1.187205E-01
          theta =  3.00E+01, I_p =  6.753596E-03, I_m =  1.697276E-01
          theta =  6.00E+01, I_p =  7.876785E-03, I_m =  1.430673E-01
     derivative: 0
          theta =  0.00E+00, K_p = -2.111617E-03, K_m =  3.581866E-02
          theta =  3.00E+01, K_p = -2.214254E-03, K_m =  3.048361E-02
          theta =  6.00E+01, K_p = -2.460968E-03, K_m =  3.364052E-03
     derivative: 1
          theta =  0.00E+00, K_p =  8.647318E-03, K_m =  2.188477E-01
          theta =  3.00E+01, K_p =  9.308534E-03, K_m =  3.009439E-01
          theta =  6.00E+01, K_p =  1.127490E-02, K_m =  3.135527E-01
     derivative: 2
          theta =  0.00E+00, K_p =  1.282513E-02, K_m =  2.236644E-03
          theta =  3.00E+01, K_p =  1.366120E-02, K_m =  2.697488E-03
          theta =  6.00E+01, K_p =  1.594550E-02, K_m =  4.697794E-03
